<?xml version="1.0" encoding="UTF-8"?>
<!-- Generated by org.testng.reporters.JUnitReportReporter -->
<testsuite hostname="DESKTOP-4AO015I" failures="0" tests="3" name="testcases.SmokeTest" time="34.232" errors="0" timestamp="2024-12-19T11:14:09 IST" skipped="0">
  <testcase classname="testcases.SmokeTest" name="Logintest" time="16.747"/>
  <system-out/>
  <testcase classname="testcases.SmokeTest" name="PatientRegistration" time="10.372"/>
  <system-out/>
  <testcase classname="testcases.SmokeTest" name="Create_Appointment" time="7.113"/>
  <system-out/>
</testsuite> <!-- testcases.SmokeTest -->
