<?xml version="1.0" encoding="UTF-8"?>
<!-- Generated by org.testng.reporters.JUnitReportReporter -->
<testsuite hostname="DESKTOP-4AO015I" failures="0" tests="3" name="testcases.SmokeTest" time="41.113" errors="0" timestamp="2025-03-03T14:23:54 IST" skipped="0">
  <testcase classname="testcases.SmokeTest" name="Logintest" time="13.627"/>
  <system-out/>
  <testcase classname="testcases.SmokeTest" name="PatientRegistrationJson" time="13.705"/>
  <system-out/>
  <testcase classname="testcases.SmokeTest" name="Create_Appointment" time="13.781"/>
  <system-out/>
</testsuite> <!-- testcases.SmokeTest -->
