<?xml version="1.0" encoding="UTF-8"?>
<!-- Generated by org.testng.reporters.JUnitReportReporter -->
<testsuite hostname="DESKTOP-4AO015I" failures="0" tests="3" name="testcases.Billing" time="83.614" errors="0" timestamp="2024-11-29T16:42:51 IST" skipped="0">
  <testcase classname="testcases.Billing" name="OPBill" time="22.480"/>
  <system-out/>
  <testcase classname="testcases.Billing" name="Lab_Bill" time="30.140"/>
  <system-out/>
  <testcase classname="testcases.Billing" name="Scan_Bill" time="30.994"/>
  <system-out/>
</testsuite> <!-- testcases.Billing -->
