<?xml version="1.0" encoding="UTF-8"?>
<!-- Generated by org.testng.reporters.JUnitReportReporter -->
<testsuite hostname="DESKTOP-4AO015I" failures="0" tests="3" name="testcases.SmokeTest" time="34.001" errors="0" timestamp="2024-12-26T16:17:37 IST" skipped="0">
  <testcase classname="testcases.SmokeTest" name="Logintest" time="16.274"/>
  <system-out/>
  <testcase classname="testcases.SmokeTest" name="PatientRegistration" time="9.990"/>
  <system-out/>
  <testcase classname="testcases.SmokeTest" name="Create_Appointment" time="7.737"/>
  <system-out/>
</testsuite> <!-- testcases.SmokeTest -->
