<?xml version="1.0" encoding="UTF-8"?>
<!-- Generated by org.testng.reporters.JUnitReportReporter -->
<testsuite hostname="DESKTOP-4AO015I" failures="0" tests="3" name="testcases.Billing" time="91.519" errors="0" timestamp="2025-03-03T14:23:54 IST" skipped="0">
  <testcase classname="testcases.Billing" name="OPBill" time="25.007"/>
  <system-out/>
  <testcase classname="testcases.Billing" name="Lab_Bill" time="32.321"/>
  <system-out/>
  <testcase classname="testcases.Billing" name="Scan_Bill" time="34.191"/>
  <system-out/>
</testsuite> <!-- testcases.Billing -->
