<?xml version="1.0" encoding="UTF-8"?>
<!-- Generated by org.testng.reporters.JUnitReportReporter -->
<testsuite hostname="DESKTOP-4AO015I" failures="0" tests="3" name="testcases.SmokeTest" time="27.762" errors="0" timestamp="2024-12-09T15:42:49 IST" skipped="0">
  <testcase classname="testcases.SmokeTest" name="Logintest" time="13.499"/>
  <system-out/>
  <testcase classname="testcases.SmokeTest" name="PatientRegistration" time="8.131"/>
  <system-out/>
  <testcase classname="testcases.SmokeTest" name="Create_Appointment" time="6.132"/>
  <system-out/>
</testsuite> <!-- testcases.SmokeTest -->
