<?xml version="1.0" encoding="UTF-8"?>
<!-- Generated by org.testng.reporters.JUnitReportReporter -->
<testsuite hostname="DESKTOP-4AO015I" failures="0" tests="3" name="testcases.SmokeTest" time="25.623" errors="0" timestamp="2024-07-01T12:31:59 IST" skipped="0">
  <testcase classname="testcases.SmokeTest" name="Logintest" time="13.731"/>
  <system-out/>
  <testcase classname="testcases.SmokeTest" name="PatientRegistration" time="8.330"/>
  <system-out/>
  <testcase classname="testcases.SmokeTest" name="Create_Appointment" time="3.562"/>
  <system-out/>
</testsuite> <!-- testcases.SmokeTest -->
