<?xml version="1.0" encoding="UTF-8"?>
<!-- Generated by org.testng.reporters.JUnitReportReporter -->
<testsuite hostname="DESKTOP-4AO015I" failures="0" tests="2" name="testcases.Billing" time="58.141" errors="0" timestamp="2024-12-26T16:17:37 IST" skipped="0">
  <testcase classname="testcases.Billing" name="OPBill" time="26.380"/>
  <system-out/>
  <testcase classname="testcases.Billing" name="Lab_Bill" time="31.761"/>
  <system-out/>
</testsuite> <!-- testcases.Billing -->
