<?xml version="1.0" encoding="UTF-8"?>
<!-- Generated by org.testng.reporters.JUnitReportReporter -->
<testsuite hostname="DESKTOP-4AO015I" failures="0" tests="3" name="testcases.Billing" time="81.181" errors="0" timestamp="2024-07-01T12:31:59 IST" skipped="0">
  <testcase classname="testcases.Billing" name="OPBill" time="21.216"/>
  <system-out/>
  <testcase classname="testcases.Billing" name="Lab_Bill" time="29.592"/>
  <system-out/>
  <testcase classname="testcases.Billing" name="Scan_Bill" time="30.373"/>
  <system-out/>
</testsuite> <!-- testcases.Billing -->
