<?xml version="1.0" encoding="UTF-8"?>
<!-- Generated by org.testng.reporters.JUnitReportReporter -->
<testsuite hostname="DESKTOP-4AO015I" failures="0" tests="3" name="testcases.SmokeTest" time="24.651" errors="0" timestamp="2024-10-21T15:02:24 IST" skipped="0">
  <testcase classname="testcases.SmokeTest" name="Logintest" time="13.515"/>
  <system-out/>
  <testcase classname="testcases.SmokeTest" name="PatientRegistration" time="8.302"/>
  <system-out/>
  <testcase classname="testcases.SmokeTest" name="Create_Appointment" time="2.834"/>
  <system-out/>
</testsuite> <!-- testcases.SmokeTest -->
