<?xml version="1.0" encoding="UTF-8"?>
<!-- Generated by org.testng.reporters.JUnitReportReporter -->
<testsuite hostname="DESKTOP-4AO015I" failures="0" tests="1" name="testcases.Billing" time="22.497" errors="0" timestamp="2024-12-09T15:42:49 IST" skipped="0">
  <testcase classname="testcases.Billing" name="OPBill" time="22.497"/>
  <system-out/>
</testsuite> <!-- testcases.Billing -->
