<?xml version="1.0" encoding="UTF-8"?>
<!-- Generated by org.testng.reporters.JUnitReportReporter -->
<testsuite hostname="DESKTOP-4AO015I" failures="0" tests="3" name="testcases.SmokeTest" time="38.830" errors="0" timestamp="2025-01-21T14:53:46 IST" skipped="0">
  <testcase classname="testcases.SmokeTest" name="Logintest" time="17.848"/>
  <system-out/>
  <testcase classname="testcases.SmokeTest" name="PatientRegistration" time="7.085"/>
  <system-out/>
  <testcase classname="testcases.SmokeTest" name="Create_Appointment" time="13.897"/>
  <system-out/>
</testsuite> <!-- testcases.SmokeTest -->
