<?xml version="1.0" encoding="UTF-8"?>
<!-- Generated by org.testng.reporters.JUnitReportReporter -->
<testsuite hostname="DESKTOP-4AO015I" failures="0" tests="3" name="testcases.SmokeTest" time="25.260" errors="0" timestamp="2024-11-29T16:42:51 IST" skipped="0">
  <testcase classname="testcases.SmokeTest" name="Logintest" time="13.467"/>
  <system-out/>
  <testcase classname="testcases.SmokeTest" name="PatientRegistration" time="8.532"/>
  <system-out/>
  <testcase classname="testcases.SmokeTest" name="Create_Appointment" time="3.261"/>
  <system-out/>
</testsuite> <!-- testcases.SmokeTest -->
