<?xml version="1.0" encoding="UTF-8"?>
<!-- Generated by org.testng.reporters.JUnitReportReporter -->
<testsuite hostname="DESKTOP-4AO015I" failures="0" tests="3" name="testcases.SmokeTest" time="34.263" errors="0" timestamp="2025-02-21T11:18:46 IST" skipped="0">
  <testcase classname="testcases.SmokeTest" name="Logintest" time="13.543"/>
  <system-out/>
  <testcase classname="testcases.SmokeTest" name="PatientRegistration" time="6.799"/>
  <system-out/>
  <testcase classname="testcases.SmokeTest" name="Create_Appointment" time="13.921"/>
  <system-out/>
</testsuite> <!-- testcases.SmokeTest -->
