<?xml version="1.0" encoding="UTF-8"?>
<!-- Generated by org.testng.reporters.JUnitReportReporter -->
<testsuite hostname="DESKTOP-4AO015I" failures="0" tests="3" name="testcases.SmokeTest" time="29.512" errors="0" timestamp="2024-12-09T12:05:25 IST" skipped="0">
  <testcase classname="testcases.SmokeTest" name="Logintest" time="16.983"/>
  <system-out/>
  <testcase classname="testcases.SmokeTest" name="PatientRegistration" time="8.224"/>
  <system-out/>
  <testcase classname="testcases.SmokeTest" name="Create_Appointment" time="4.305"/>
  <system-out/>
</testsuite> <!-- testcases.SmokeTest -->
