<?xml version="1.0" encoding="UTF-8"?>
<!-- Generated by org.testng.reporters.JUnitReportReporter -->
<testsuite hostname="DESKTOP-4AO015I" failures="0" tests="3" name="testcases.Billing" time="88.886" errors="0" timestamp="2025-01-07T12:06:49 IST" skipped="0">
  <testcase classname="testcases.Billing" name="OPBill" time="25.775"/>
  <system-out/>
  <testcase classname="testcases.Billing" name="Lab_Bill" time="32.068"/>
  <system-out/>
  <testcase classname="testcases.Billing" name="Scan_Bill" time="31.043"/>
  <system-out/>
</testsuite> <!-- testcases.Billing -->
