<?xml version="1.0" encoding="UTF-8"?>
<!-- Generated by org.testng.reporters.JUnitReportReporter -->
<testsuite hostname="DESKTOP-4AO015I" failures="0" tests="3" name="testcases.SmokeTest" time="26.703" errors="0" timestamp="2024-11-30T15:14:56 IST" skipped="0">
  <testcase classname="testcases.SmokeTest" name="Logintest" time="13.951"/>
  <system-out/>
  <testcase classname="testcases.SmokeTest" name="PatientRegistration" time="8.474"/>
  <system-out/>
  <testcase classname="testcases.SmokeTest" name="Create_Appointment" time="4.278"/>
  <system-out/>
</testsuite> <!-- testcases.SmokeTest -->
