<?xml version="1.0" encoding="UTF-8"?>
<!-- Generated by org.testng.reporters.JUnitReportReporter -->
<testsuite hostname="DESKTOP-4AO015I" failures="0" tests="3" name="testcases.Billing" time="80.360" errors="0" timestamp="2024-10-21T15:02:24 IST" skipped="0">
  <testcase classname="testcases.Billing" name="OPBill" time="21.569"/>
  <system-out/>
  <testcase classname="testcases.Billing" name="Lab_Bill" time="28.831"/>
  <system-out/>
  <testcase classname="testcases.Billing" name="Scan_Bill" time="29.960"/>
  <system-out/>
</testsuite> <!-- testcases.Billing -->
