<?xml version="1.0" encoding="UTF-8"?>
<!-- Generated by org.testng.reporters.JUnitReportReporter -->
<testsuite hostname="DESKTOP-4AO015I" failures="0" tests="3" name="testcases.SmokeTest" time="79.016" errors="0" timestamp="2024-12-19T13:09:08 IST" skipped="0">
  <testcase classname="testcases.SmokeTest" name="Logintest" time="64.409"/>
  <system-out/>
  <testcase classname="testcases.SmokeTest" name="PatientRegistration" time="8.252"/>
  <system-out/>
  <testcase classname="testcases.SmokeTest" name="Create_Appointment" time="6.355"/>
  <system-out/>
</testsuite> <!-- testcases.SmokeTest -->
