<?xml version="1.0" encoding="UTF-8"?>
<!-- Generated by org.testng.reporters.JUnitReportReporter -->
<testsuite hostname="DESKTOP-4AO015I" failures="0" tests="1" name="testcases.Billing" time="25.446" errors="0" timestamp="2024-12-19T13:09:08 IST" skipped="0">
  <testcase classname="testcases.Billing" name="OPBill" time="25.446"/>
  <system-out/>
</testsuite> <!-- testcases.Billing -->
