<?xml version="1.0" encoding="UTF-8"?>
<!-- Generated by org.testng.reporters.JUnitReportReporter -->
<testsuite hostname="DESKTOP-4AO015I" failures="0" tests="2" name="testcases.Billing" time="41.882" errors="0" timestamp="2024-06-28T12:36:45 IST" skipped="0">
  <testcase classname="testcases.Billing" name="Logintest" time="13.947"/>
  <system-out/>
  <testcase classname="testcases.Billing" name="Scan_Bill" time="27.935"/>
  <system-out/>
</testsuite> <!-- testcases.Billing -->
