<?xml version="1.0" encoding="UTF-8"?>
<!-- Generated by org.testng.reporters.JUnitReportReporter -->
<testsuite hostname="DESKTOP-4AO015I" failures="0" tests="3" name="testcases.SmokeTest" time="57.127" errors="0" timestamp="2025-01-10T16:54:35 IST" skipped="0">
  <testcase classname="testcases.SmokeTest" name="Logintest" time="33.268"/>
  <system-out/>
  <testcase classname="testcases.SmokeTest" name="PatientRegistration" time="8.128"/>
  <system-out/>
  <testcase classname="testcases.SmokeTest" name="Create_Appointment" time="15.731"/>
  <system-out/>
</testsuite> <!-- testcases.SmokeTest -->
