<?xml version="1.0" encoding="UTF-8"?>
<!-- Generated by org.testng.reporters.JUnitReportReporter -->
<testsuite hostname="DESKTOP-4AO015I" failures="0" tests="3" name="testcases.Billing" time="89.662" errors="0" timestamp="2025-01-21T14:53:46 IST" skipped="0">
  <testcase classname="testcases.Billing" name="OPBill" time="25.639"/>
  <system-out/>
  <testcase classname="testcases.Billing" name="Lab_Bill" time="31.807"/>
  <system-out/>
  <testcase classname="testcases.Billing" name="Scan_Bill" time="32.216"/>
  <system-out/>
</testsuite> <!-- testcases.Billing -->
