<?xml version="1.0" encoding="UTF-8"?>
<!-- Generated by org.testng.reporters.JUnitReportReporter -->
<testsuite hostname="DESKTOP-4AO015I" failures="0" tests="3" name="testcases.SmokeTest" time="32.105" errors="0" timestamp="2025-01-07T12:06:49 IST" skipped="0">
  <testcase classname="testcases.SmokeTest" name="Logintest" time="14.265"/>
  <system-out/>
  <testcase classname="testcases.SmokeTest" name="PatientRegistration" time="7.232"/>
  <system-out/>
  <testcase classname="testcases.SmokeTest" name="Create_Appointment" time="10.608"/>
  <system-out/>
</testsuite> <!-- testcases.SmokeTest -->
