<?xml version="1.0" encoding="UTF-8"?>
<!-- Generated by org.testng.reporters.JUnitReportReporter -->
<testsuite hostname="DESKTOP-4AO015I" failures="0" tests="3" name="testcases.SmokeTest" time="25.350" errors="0" timestamp="2024-06-27T16:07:33 IST" skipped="0">
  <testcase classname="testcases.SmokeTest" name="Logintest" time="14.074"/>
  <system-out/>
  <testcase classname="testcases.SmokeTest" name="PatientRegistration" time="7.903"/>
  <system-out/>
  <testcase classname="testcases.SmokeTest" name="Create_Appointment" time="3.373"/>
  <system-out/>
</testsuite> <!-- testcases.SmokeTest -->
